{
  message: 'CHAT_SOCKET socket has been connected',
  level: 'info',
  label: 'Received message',
  timestamp: 'Jan-14-2024 13:45:31'
}
{
  message: 'eclass connected with mongoose',
  level: 'info',
  label: 'Received message',
  timestamp: 'Jan-14-2024 13:45:31'
}
{
  message: 'DEV 💯server listening at localhost:4015',
  level: 'info',
  label: 'Received message',
  timestamp: 'Jan-14-2024 13:45:31'
}
{
  message: 'CHAT_SOCKET socket has been connected',
  level: 'info',
  label: 'Received message',
  timestamp: 'Jan-14-2024 13:46:05'
}
{
  message: 'eclass connected with mongoose',
  level: 'info',
  label: 'Received message',
  timestamp: 'Jan-14-2024 13:46:05'
}
{
  message: 'DEV 💯server listening at localhost:4015',
  level: 'info',
  label: 'Received message',
  timestamp: 'Jan-14-2024 13:46:05'
}
{
  message: 'CHAT_SOCKET socket has been connected',
  level: 'info',
  label: 'Received message',
  timestamp: 'Jan-14-2024 13:46:29'
}
{
  message: 'eclass connected with mongoose',
  level: 'info',
  label: 'Received message',
  timestamp: 'Jan-14-2024 13:46:29'
}
{
  message: 'DEV 💯server listening at localhost:4015',
  level: 'info',
  label: 'Received message',
  timestamp: 'Jan-14-2024 13:46:29'
}
